2025-07-04 20:20:35,345 - INFO - Loaded 5 overlay images
2025-07-04 20:20:52,266 - INFO - Camera initialized successfully
2025-07-04 20:20:52,267 - INFO - Starting face overlay application
2025-07-04 20:20:52,303 - WARNING - Failed to capture frame
2025-07-04 20:20:52,425 - WARNING - Failed to capture frame
2025-07-04 20:20:52,534 - WARNING - Failed to capture frame
2025-07-04 20:20:52,641 - WARNING - Failed to capture frame
2025-07-04 20:20:52,751 - WARNING - Failed to capture frame
2025-07-04 20:20:52,860 - WARNING - Failed to capture frame
2025-07-04 20:20:52,967 - WARNING - Failed to capture frame
2025-07-04 20:20:53,076 - WARNING - Failed to capture frame
2025-07-04 20:20:53,187 - WARNING - Failed to capture frame
2025-07-04 20:20:53,295 - WARNING - Failed to capture frame
2025-07-04 20:20:53,403 - WARNING - Failed to capture frame
2025-07-04 20:20:53,515 - WARNING - Failed to capture frame
2025-07-04 20:20:53,640 - WARNING - Failed to capture frame
2025-07-04 20:20:53,746 - WARNING - Failed to capture frame
2025-07-04 20:20:53,857 - WARNING - Failed to capture frame
2025-07-04 20:20:53,975 - WARNING - Failed to capture frame
2025-07-04 20:20:54,092 - WARNING - Failed to capture frame
2025-07-04 20:20:54,202 - WARNING - Failed to capture frame
2025-07-04 20:20:54,309 - WARNING - Failed to capture frame
2025-07-04 20:20:54,417 - WARNING - Failed to capture frame
2025-07-04 20:20:54,526 - WARNING - Failed to capture frame
2025-07-04 20:20:54,634 - WARNING - Failed to capture frame
2025-07-04 20:20:54,745 - WARNING - Failed to capture frame
2025-07-04 20:20:54,853 - WARNING - Failed to capture frame
2025-07-04 20:20:54,967 - WARNING - Failed to capture frame
2025-07-04 20:20:55,074 - WARNING - Failed to capture frame
2025-07-04 20:20:55,183 - WARNING - Failed to capture frame
2025-07-04 20:20:55,295 - WARNING - Failed to capture frame
2025-07-04 20:20:55,402 - WARNING - Failed to capture frame
2025-07-04 20:20:55,511 - WARNING - Failed to capture frame
2025-07-04 20:20:55,619 - WARNING - Failed to capture frame
2025-07-04 20:20:55,727 - WARNING - Failed to capture frame
2025-07-04 20:20:55,838 - WARNING - Failed to capture frame
2025-07-04 20:20:55,948 - WARNING - Failed to capture frame
2025-07-04 20:20:56,056 - WARNING - Failed to capture frame
2025-07-04 20:20:56,167 - WARNING - Failed to capture frame
2025-07-04 20:20:56,277 - WARNING - Failed to capture frame
2025-07-04 20:20:56,386 - WARNING - Failed to capture frame
2025-07-04 20:20:56,496 - WARNING - Failed to capture frame
2025-07-04 20:20:56,605 - WARNING - Failed to capture frame
2025-07-04 20:20:56,714 - WARNING - Failed to capture frame
2025-07-04 20:20:56,825 - WARNING - Failed to capture frame
2025-07-04 20:20:56,934 - WARNING - Failed to capture frame
2025-07-04 20:20:57,042 - WARNING - Failed to capture frame
2025-07-04 20:20:57,151 - WARNING - Failed to capture frame
2025-07-04 20:20:57,260 - WARNING - Failed to capture frame
2025-07-04 20:20:57,369 - WARNING - Failed to capture frame
2025-07-04 20:20:57,480 - WARNING - Failed to capture frame
2025-07-04 20:20:57,601 - WARNING - Failed to capture frame
2025-07-04 20:20:57,709 - WARNING - Failed to capture frame
2025-07-04 20:20:57,820 - WARNING - Failed to capture frame
2025-07-04 20:20:57,942 - WARNING - Failed to capture frame
2025-07-04 20:20:58,051 - WARNING - Failed to capture frame
2025-07-04 20:20:58,161 - WARNING - Failed to capture frame
2025-07-04 20:20:58,270 - WARNING - Failed to capture frame
2025-07-04 20:20:58,378 - WARNING - Failed to capture frame
2025-07-04 20:20:58,490 - WARNING - Failed to capture frame
2025-07-04 20:20:58,623 - WARNING - Failed to capture frame
2025-07-04 20:20:58,736 - WARNING - Failed to capture frame
2025-07-04 20:20:58,860 - WARNING - Failed to capture frame
2025-07-04 20:20:58,969 - WARNING - Failed to capture frame
2025-07-04 20:20:59,094 - WARNING - Failed to capture frame
2025-07-04 20:20:59,215 - WARNING - Failed to capture frame
2025-07-04 20:20:59,337 - WARNING - Failed to capture frame
2025-07-04 20:20:59,463 - WARNING - Failed to capture frame
2025-07-04 20:20:59,582 - WARNING - Failed to capture frame
2025-07-04 20:20:59,692 - WARNING - Failed to capture frame
2025-07-04 20:20:59,800 - WARNING - Failed to capture frame
2025-07-04 20:20:59,910 - WARNING - Failed to capture frame
2025-07-04 20:21:00,028 - WARNING - Failed to capture frame
2025-07-04 20:21:00,144 - WARNING - Failed to capture frame
2025-07-04 20:21:00,254 - WARNING - Failed to capture frame
2025-07-04 20:21:00,360 - WARNING - Failed to capture frame
2025-07-04 20:21:00,471 - WARNING - Failed to capture frame
2025-07-04 20:21:00,598 - WARNING - Failed to capture frame
2025-07-04 20:21:00,706 - WARNING - Failed to capture frame
2025-07-04 20:21:00,815 - WARNING - Failed to capture frame
2025-07-04 20:21:00,926 - WARNING - Failed to capture frame
2025-07-04 20:21:01,035 - WARNING - Failed to capture frame
2025-07-04 20:21:01,146 - WARNING - Failed to capture frame
2025-07-04 20:21:01,257 - WARNING - Failed to capture frame
2025-07-04 20:21:01,366 - WARNING - Failed to capture frame
2025-07-04 20:21:01,476 - WARNING - Failed to capture frame
2025-07-04 20:21:01,584 - WARNING - Failed to capture frame
2025-07-04 20:21:01,692 - WARNING - Failed to capture frame
2025-07-04 20:21:01,801 - WARNING - Failed to capture frame
2025-07-04 20:21:01,909 - WARNING - Failed to capture frame
2025-07-04 20:21:02,018 - WARNING - Failed to capture frame
2025-07-04 20:21:02,125 - WARNING - Failed to capture frame
2025-07-04 20:21:02,236 - WARNING - Failed to capture frame
2025-07-04 20:21:02,345 - WARNING - Failed to capture frame
2025-07-04 20:21:02,453 - WARNING - Failed to capture frame
2025-07-04 20:21:02,564 - WARNING - Failed to capture frame
2025-07-04 20:21:02,676 - WARNING - Failed to capture frame
2025-07-04 20:21:02,785 - WARNING - Failed to capture frame
2025-07-04 20:21:02,894 - WARNING - Failed to capture frame
2025-07-04 20:21:03,005 - WARNING - Failed to capture frame
2025-07-04 20:21:03,113 - WARNING - Failed to capture frame
2025-07-04 20:21:03,222 - WARNING - Failed to capture frame
2025-07-04 20:21:03,331 - WARNING - Failed to capture frame
2025-07-04 20:21:03,439 - WARNING - Failed to capture frame
2025-07-04 20:21:03,550 - WARNING - Failed to capture frame
2025-07-04 20:21:03,657 - WARNING - Failed to capture frame
2025-07-04 20:21:03,765 - WARNING - Failed to capture frame
2025-07-04 20:21:03,875 - WARNING - Failed to capture frame
2025-07-04 20:21:03,997 - WARNING - Failed to capture frame
2025-07-04 20:21:04,105 - WARNING - Failed to capture frame
2025-07-04 20:21:04,213 - WARNING - Failed to capture frame
2025-07-04 20:21:04,324 - WARNING - Failed to capture frame
2025-07-04 20:21:04,432 - WARNING - Failed to capture frame
2025-07-04 20:21:04,540 - WARNING - Failed to capture frame
2025-07-04 20:21:04,650 - WARNING - Failed to capture frame
2025-07-04 20:21:04,758 - WARNING - Failed to capture frame
2025-07-04 20:21:04,868 - WARNING - Failed to capture frame
2025-07-04 20:21:04,975 - WARNING - Failed to capture frame
2025-07-04 20:21:05,086 - WARNING - Failed to capture frame
2025-07-04 20:21:05,206 - WARNING - Failed to capture frame
2025-07-04 20:21:05,317 - WARNING - Failed to capture frame
2025-07-04 20:21:05,437 - WARNING - Failed to capture frame
2025-07-04 20:21:05,547 - WARNING - Failed to capture frame
2025-07-04 20:21:05,655 - WARNING - Failed to capture frame
2025-07-04 20:21:05,765 - WARNING - Failed to capture frame
2025-07-04 20:21:05,875 - WARNING - Failed to capture frame
2025-07-04 20:21:05,989 - WARNING - Failed to capture frame
2025-07-04 20:21:06,107 - WARNING - Failed to capture frame
2025-07-04 20:21:06,217 - WARNING - Failed to capture frame
2025-07-04 20:21:06,327 - WARNING - Failed to capture frame
2025-07-04 20:21:06,435 - WARNING - Failed to capture frame
2025-07-04 20:21:06,545 - WARNING - Failed to capture frame
2025-07-04 20:21:06,654 - WARNING - Failed to capture frame
2025-07-04 20:21:06,764 - WARNING - Failed to capture frame
2025-07-04 20:21:06,875 - WARNING - Failed to capture frame
2025-07-04 20:21:06,983 - WARNING - Failed to capture frame
2025-07-04 20:21:07,092 - WARNING - Failed to capture frame
2025-07-04 20:21:07,170 - INFO - Application interrupted by user
2025-07-04 20:21:07,189 - INFO - Application shutdown complete
